<?xml version="1.0" encoding="UTF-8"?>
<!-- Generated by org.testng.reporters.JUnitReportReporter -->
<testsuite skipped="0" hostname="DESKTOP-FFVUEMJ" name="com.w2a.testcases.LoginTest" tests="1" failures="0" timestamp="2023-02-03T09:32:58 IST" time="9.785" errors="0">
  <testcase name="loginTest" time="9.785" classname="com.w2a.testcases.LoginTest"/>
  <system-out/>
</testsuite> <!-- com.w2a.testcases.LoginTest -->
